app/buildXXX/outputs/logs/manifest-merger-release-report.txt
-- Merging decision tree log ---
manifest
ADDED from src/main/AndroidManifest.xml:2:1-214:12
	package
		ADDED from src/main/AndroidManifest.xml:3:5-33
		INJECTED from src/main/AndroidManifest.xml
		INJECTED from src/main/AndroidManifest.xml
	android:versionName
		ADDED from src/main/AndroidManifest.xml:5:5-30
		INJECTED from src/main/AndroidManifest.xml
		INJECTED from src/main/AndroidManifest.xml
	android:versionCode
		ADDED from src/main/AndroidManifest.xml:4:5-28
		INJECTED from src/main/AndroidManifest.xml
		INJECTED from src/main/AndroidManifest.xml
	xmlns:android
		ADDED from src/main/AndroidManifest.xml:2:11-69
uses-permission#android.permission.INTERNET
ADDED from src/main/AndroidManifest.xml:7:5-67
MERGED from [com.google.android.gms:play-services-ads:8.4.0] AndroidManifest.xml:20:5-66
MERGED from [com.google.android.gms:play-services-analytics:8.4.0] AndroidManifest.xml:21:5-67
MERGED from [com.google.android.gms:play-services-appinvite:8.4.0] AndroidManifest.xml:19:5-67
MERGED from [com.google.android.gms:play-services-maps:8.4.0] AndroidManifest.xml:21:5-66
MERGED from [com.google.android.gms:play-services-gcm:8.4.0] AndroidManifest.xml:22:5-67
MERGED from [com.google.android.gms:play-services-measurement:8.4.0] AndroidManifest.xml:21:5-67
MERGED from [com.google.android.gms:play-services-maps:8.4.0] AndroidManifest.xml:21:5-66
MERGED from [com.google.android.gms:play-services-maps:8.4.0] AndroidManifest.xml:21:5-66
MERGED from [com.google.android.gms:play-services-measurement:8.4.0] AndroidManifest.xml:21:5-67
MERGED from [com.google.android.gms:play-services-maps:8.4.0] AndroidManifest.xml:21:5-66
MERGED from [com.google.android.gms:play-services-ads:8.4.0] AndroidManifest.xml:20:5-66
MERGED from [com.google.android.gms:play-services-gcm:8.4.0] AndroidManifest.xml:22:5-67
MERGED from [com.google.android.gms:play-services-measurement:8.4.0] AndroidManifest.xml:21:5-67
	android:name
		ADDED from src/main/AndroidManifest.xml:7:22-64
uses-permission#android.permission.CAMERA
ADDED from src/main/AndroidManifest.xml:8:5-65
	android:name
		ADDED from src/main/AndroidManifest.xml:8:22-62
uses-permission#android.media.action.IMAGE_CAPTURE
ADDED from src/main/AndroidManifest.xml:9:5-74
	android:name
		ADDED from src/main/AndroidManifest.xml:9:22-71
uses-permission#android.permission.READ_EXTERNAL_STORAGE
ADDED from src/main/AndroidManifest.xml:10:5-80
	android:name
		ADDED from src/main/AndroidManifest.xml:10:22-77
uses-permission#android.permission.WRITE_EXTERNAL_STORAGE
ADDED from src/main/AndroidManifest.xml:11:5-81
	android:name
		ADDED from src/main/AndroidManifest.xml:11:22-78
uses-permission#android.permission.READ_CONTACTS
ADDED from src/main/AndroidManifest.xml:12:5-72
	android:name
		ADDED from src/main/AndroidManifest.xml:12:22-69
uses-permission#android.permission.GET_ACCOUNTS
ADDED from src/main/AndroidManifest.xml:13:5-71
	android:name
		ADDED from src/main/AndroidManifest.xml:13:22-68
uses-permission#android.permission.WAKE_LOCK
ADDED from src/main/AndroidManifest.xml:14:5-68
MERGED from [com.google.android.gms:play-services-measurement:8.4.0] AndroidManifest.xml:24:5-67
MERGED from [com.google.android.gms:play-services-measurement:8.4.0] AndroidManifest.xml:24:5-67
MERGED from [com.google.android.gms:play-services-measurement:8.4.0] AndroidManifest.xml:24:5-67
	android:name
		ADDED from src/main/AndroidManifest.xml:14:22-65
uses-permission#com.google.android.c2dm.permission.RECEIVE
ADDED from src/main/AndroidManifest.xml:15:5-82
MERGED from [com.google.android.gms:play-services-gcm:8.4.0] AndroidManifest.xml:21:5-82
MERGED from [com.google.android.gms:play-services-gcm:8.4.0] AndroidManifest.xml:21:5-82
	android:name
		ADDED from src/main/AndroidManifest.xml:15:22-79
uses-permission#android.permission.GET_TASKS
ADDED from src/main/AndroidManifest.xml:16:5-68
	android:name
		ADDED from src/main/AndroidManifest.xml:16:22-65
permission#jp.co.webshark.on2.permission.C2D_MESSAGE
ADDED from src/main/AndroidManifest.xml:18:5-20:47
	android:protectionLevel
		ADDED from src/main/AndroidManifest.xml:20:9-44
	android:name
		ADDED from src/main/AndroidManifest.xml:19:9-65
uses-permission#jp.co.webshark.on2.permission.C2D_MESSAGE
ADDED from src/main/AndroidManifest.xml:22:5-81
	android:name
		ADDED from src/main/AndroidManifest.xml:22:22-78
uses-permission#android.permission.VIBRATE
ADDED from src/main/AndroidManifest.xml:23:5-66
	android:name
		ADDED from src/main/AndroidManifest.xml:23:22-63
uses-permission#android.permission.READ_PHONE_STATE
ADDED from src/main/AndroidManifest.xml:24:5-75
	android:name
		ADDED from src/main/AndroidManifest.xml:24:22-72
application
ADDED from src/main/AndroidManifest.xml:26:5-212:19
MERGED from [com.android.support:appcompat-v7:23.0.0] AndroidManifest.xml:22:5-20
MERGED from [com.android.support:support-v4:23.2.1] AndroidManifest.xml:22:5-20
MERGED from [com.google.android.gms:play-services:8.4.0] AndroidManifest.xml:19:5-20
MERGED from [com.google.android.gms:play-services-ads:8.4.0] AndroidManifest.xml:24:5-32:19
MERGED from [com.google.android.gms:play-services-basement:8.4.0] AndroidManifest.xml:20:5-24:19
MERGED from [com.android.support:support-v4:23.2.1] AndroidManifest.xml:22:5-20
MERGED from [com.google.android.gms:play-services-analytics:8.4.0] AndroidManifest.xml:24:5-20
MERGED from [com.google.android.gms:play-services-basement:8.4.0] AndroidManifest.xml:20:5-24:19
MERGED from [com.android.support:support-v4:23.2.1] AndroidManifest.xml:22:5-20
MERGED from [com.google.android.gms:play-services-appindexing:8.4.0] AndroidManifest.xml:19:5-20
MERGED from [com.google.android.gms:play-services-basement:8.4.0] AndroidManifest.xml:20:5-24:19
MERGED from [com.android.support:support-v4:23.2.1] AndroidManifest.xml:22:5-20
MERGED from [com.google.android.gms:play-services-appinvite:8.4.0] AndroidManifest.xml:20:5-30:19
MERGED from [com.google.android.gms:play-services-basement:8.4.0] AndroidManifest.xml:20:5-24:19
MERGED from [com.android.support:support-v4:23.2.1] AndroidManifest.xml:22:5-20
MERGED from [com.google.android.gms:play-services-appstate:8.4.0] AndroidManifest.xml:19:5-20
MERGED from [com.google.android.gms:play-services-basement:8.4.0] AndroidManifest.xml:20:5-24:19
MERGED from [com.android.support:support-v4:23.2.1] AndroidManifest.xml:22:5-20
MERGED from [com.google.android.gms:play-services-auth:8.4.0] AndroidManifest.xml:20:5-32:19
MERGED from [com.google.android.gms:play-services-basement:8.4.0] AndroidManifest.xml:20:5-24:19
MERGED from [com.android.support:support-v4:23.2.1] AndroidManifest.xml:22:5-20
MERGED from [com.google.android.gms:play-services-basement:8.4.0] AndroidManifest.xml:20:5-24:19
MERGED from [com.android.support:support-v4:23.2.1] AndroidManifest.xml:22:5-20
MERGED from [com.google.android.gms:play-services-basement:8.4.0] AndroidManifest.xml:20:5-24:19
MERGED from [com.android.support:support-v4:23.2.1] AndroidManifest.xml:22:5-20
MERGED from [com.google.android.gms:play-services-cast:8.4.0] AndroidManifest.xml:19:5-20
MERGED from [com.google.android.gms:play-services-basement:8.4.0] AndroidManifest.xml:20:5-24:19
MERGED from [com.android.support:support-v4:23.2.1] AndroidManifest.xml:22:5-20
MERGED from [com.android.support:mediarouter-v7:23.0.0] AndroidManifest.xml:22:5-20
MERGED from [com.android.support:appcompat-v7:23.0.0] AndroidManifest.xml:22:5-20
MERGED from [com.android.support:support-v4:23.2.1] AndroidManifest.xml:22:5-20
MERGED from [com.google.android.gms:play-services-drive:8.4.0] AndroidManifest.xml:19:5-20
MERGED from [com.google.android.gms:play-services-basement:8.4.0] AndroidManifest.xml:20:5-24:19
MERGED from [com.android.support:support-v4:23.2.1] AndroidManifest.xml:22:5-20
MERGED from [com.google.android.gms:play-services-fitness:8.4.0] AndroidManifest.xml:19:5-20
MERGED from [com.google.android.gms:play-services-basement:8.4.0] AndroidManifest.xml:20:5-24:19
MERGED from [com.android.support:support-v4:23.2.1] AndroidManifest.xml:22:5-20
MERGED from [com.google.android.gms:play-services-location:8.4.0] AndroidManifest.xml:19:5-20
MERGED from [com.google.android.gms:play-services-basement:8.4.0] AndroidManifest.xml:20:5-24:19
MERGED from [com.android.support:support-v4:23.2.1] AndroidManifest.xml:22:5-20
MERGED from [com.google.android.gms:play-services-maps:8.4.0] AndroidManifest.xml:27:5-20
MERGED from [com.google.android.gms:play-services-basement:8.4.0] AndroidManifest.xml:20:5-24:19
MERGED from [com.android.support:support-v4:23.2.1] AndroidManifest.xml:22:5-20
MERGED from [com.google.android.gms:play-services-games:8.4.0] AndroidManifest.xml:19:5-20
MERGED from [com.google.android.gms:play-services-basement:8.4.0] AndroidManifest.xml:20:5-24:19
MERGED from [com.android.support:support-v4:23.2.1] AndroidManifest.xml:22:5-20
MERGED from [com.google.android.gms:play-services-drive:8.4.0] AndroidManifest.xml:19:5-20
MERGED from [com.google.android.gms:play-services-basement:8.4.0] AndroidManifest.xml:20:5-24:19
MERGED from [com.android.support:support-v4:23.2.1] AndroidManifest.xml:22:5-20
MERGED from [com.google.android.gms:play-services-gcm:8.4.0] AndroidManifest.xml:24:5-20
MERGED from [com.google.android.gms:play-services-basement:8.4.0] AndroidManifest.xml:20:5-24:19
MERGED from [com.android.support:support-v4:23.2.1] AndroidManifest.xml:22:5-20
MERGED from [com.google.android.gms:play-services-measurement:8.4.0] AndroidManifest.xml:26:5-46:19
MERGED from [com.google.android.gms:play-services-basement:8.4.0] AndroidManifest.xml:20:5-24:19
MERGED from [com.android.support:support-v4:23.2.1] AndroidManifest.xml:22:5-20
MERGED from [com.google.android.gms:play-services-identity:8.4.0] AndroidManifest.xml:19:5-20
MERGED from [com.google.android.gms:play-services-basement:8.4.0] AndroidManifest.xml:20:5-24:19
MERGED from [com.android.support:support-v4:23.2.1] AndroidManifest.xml:22:5-20
MERGED from [com.google.android.gms:play-services-location:8.4.0] AndroidManifest.xml:19:5-20
MERGED from [com.google.android.gms:play-services-basement:8.4.0] AndroidManifest.xml:20:5-24:19
MERGED from [com.android.support:support-v4:23.2.1] AndroidManifest.xml:22:5-20
MERGED from [com.google.android.gms:play-services-maps:8.4.0] AndroidManifest.xml:27:5-20
MERGED from [com.google.android.gms:play-services-basement:8.4.0] AndroidManifest.xml:20:5-24:19
MERGED from [com.android.support:support-v4:23.2.1] AndroidManifest.xml:22:5-20
MERGED from [com.google.android.gms:play-services-maps:8.4.0] AndroidManifest.xml:27:5-20
MERGED from [com.google.android.gms:play-services-basement:8.4.0] AndroidManifest.xml:20:5-24:19
MERGED from [com.android.support:support-v4:23.2.1] AndroidManifest.xml:22:5-20
MERGED from [com.google.android.gms:play-services-measurement:8.4.0] AndroidManifest.xml:26:5-46:19
MERGED from [com.google.android.gms:play-services-basement:8.4.0] AndroidManifest.xml:20:5-24:19
MERGED from [com.android.support:support-v4:23.2.1] AndroidManifest.xml:22:5-20
MERGED from [com.google.android.gms:play-services-nearby:8.4.0] AndroidManifest.xml:20:5-20
MERGED from [com.google.android.gms:play-services-basement:8.4.0] AndroidManifest.xml:20:5-24:19
MERGED from [com.android.support:support-v4:23.2.1] AndroidManifest.xml:22:5-20
MERGED from [com.google.android.gms:play-services-panorama:8.4.0] AndroidManifest.xml:19:5-20
MERGED from [com.google.android.gms:play-services-basement:8.4.0] AndroidManifest.xml:20:5-24:19
MERGED from [com.android.support:support-v4:23.2.1] AndroidManifest.xml:22:5-20
MERGED from [com.google.android.gms:play-services-plus:8.4.0] AndroidManifest.xml:19:5-20
MERGED from [com.google.android.gms:play-services-basement:8.4.0] AndroidManifest.xml:20:5-24:19
MERGED from [com.android.support:support-v4:23.2.1] AndroidManifest.xml:22:5-20
MERGED from [com.google.android.gms:play-services-safetynet:8.4.0] AndroidManifest.xml:19:5-20
MERGED from [com.google.android.gms:play-services-basement:8.4.0] AndroidManifest.xml:20:5-24:19
MERGED from [com.android.support:support-v4:23.2.1] AndroidManifest.xml:22:5-20
MERGED from [com.google.android.gms:play-services-vision:8.4.0] AndroidManifest.xml:5:5-20
MERGED from [com.google.android.gms:play-services-basement:8.4.0] AndroidManifest.xml:20:5-24:19
MERGED from [com.android.support:support-v4:23.2.1] AndroidManifest.xml:22:5-20
MERGED from [com.google.android.gms:play-services-basement:8.4.0] AndroidManifest.xml:20:5-24:19
MERGED from [com.android.support:support-v4:23.2.1] AndroidManifest.xml:22:5-20
MERGED from [com.google.android.gms:play-services-identity:8.4.0] AndroidManifest.xml:19:5-20
MERGED from [com.google.android.gms:play-services-basement:8.4.0] AndroidManifest.xml:20:5-24:19
MERGED from [com.android.support:support-v4:23.2.1] AndroidManifest.xml:22:5-20
MERGED from [com.google.android.gms:play-services-maps:8.4.0] AndroidManifest.xml:27:5-20
MERGED from [com.google.android.gms:play-services-basement:8.4.0] AndroidManifest.xml:20:5-24:19
MERGED from [com.android.support:support-v4:23.2.1] AndroidManifest.xml:22:5-20
MERGED from [com.google.android.gms:play-services-wearable:8.4.0] AndroidManifest.xml:19:5-20
MERGED from [com.google.android.gms:play-services-basement:8.4.0] AndroidManifest.xml:20:5-24:19
MERGED from [com.android.support:support-v4:23.2.1] AndroidManifest.xml:22:5-20
MERGED from [com.facebook.android:facebook-android-sdk:4.9.0] AndroidManifest.xml:28:5-20
MERGED from [com.android.support:support-v4:23.2.1] AndroidManifest.xml:22:5-20
MERGED from [com.android.support:cardview-v7:23.2.1] AndroidManifest.xml:22:5-20
MERGED from [com.google.android.gms:play-services-ads:8.4.0] AndroidManifest.xml:24:5-32:19
MERGED from [com.google.android.gms:play-services-basement:8.4.0] AndroidManifest.xml:20:5-24:19
MERGED from [com.android.support:support-v4:23.2.1] AndroidManifest.xml:22:5-20
MERGED from [com.google.android.gms:play-services-identity:8.4.0] AndroidManifest.xml:19:5-20
MERGED from [com.google.android.gms:play-services-basement:8.4.0] AndroidManifest.xml:20:5-24:19
MERGED from [com.android.support:support-v4:23.2.1] AndroidManifest.xml:22:5-20
MERGED from [com.google.android.gms:play-services-gcm:8.4.0] AndroidManifest.xml:24:5-20
MERGED from [com.google.android.gms:play-services-basement:8.4.0] AndroidManifest.xml:20:5-24:19
MERGED from [com.android.support:support-v4:23.2.1] AndroidManifest.xml:22:5-20
MERGED from [com.google.android.gms:play-services-measurement:8.4.0] AndroidManifest.xml:26:5-46:19
MERGED from [com.google.android.gms:play-services-basement:8.4.0] AndroidManifest.xml:20:5-24:19
MERGED from [com.android.support:support-v4:23.2.1] AndroidManifest.xml:22:5-20
	android:label
		ADDED from src/main/AndroidManifest.xml:30:9-41
	android:allowBackup
		ADDED from src/main/AndroidManifest.xml:28:9-35
	android:icon
		ADDED from src/main/AndroidManifest.xml:29:9-36
	android:largeHeap
		ADDED from src/main/AndroidManifest.xml:31:9-33
	android:theme
		ADDED from src/main/AndroidManifest.xml:32:9-62
	android:name
		ADDED from src/main/AndroidManifest.xml:27:9-33
service#jp.co.webshark.on2.GcmIntentService
ADDED from src/main/AndroidManifest.xml:33:9-35:38
	android:enabled
		ADDED from src/main/AndroidManifest.xml:35:13-35
	android:name
		ADDED from src/main/AndroidManifest.xml:34:13-45
receiver#jp.co.webshark.on2.GcmBroadcastReceiver
ADDED from src/main/AndroidManifest.xml:37:9-45:20
	android:permission
		ADDED from src/main/AndroidManifest.xml:39:13-73
	android:name
		ADDED from src/main/AndroidManifest.xml:38:13-49
intent-filter#com.google.android.c2dm.intent.RECEIVE+jp.co.webshark.on2
ADDED from src/main/AndroidManifest.xml:40:13-44:29
action#com.google.android.c2dm.intent.RECEIVE
ADDED from src/main/AndroidManifest.xml:41:17-81
	android:name
		ADDED from src/main/AndroidManifest.xml:41:25-78
category#jp.co.webshark.on2
ADDED from src/main/AndroidManifest.xml:43:17-63
	android:name
		ADDED from src/main/AndroidManifest.xml:43:27-60
service#jp.co.webshark.on2.RegistrationIntentService
ADDED from src/main/AndroidManifest.xml:47:9-50:19
	android:exported
		ADDED from src/main/AndroidManifest.xml:49:13-37
	android:name
		ADDED from src/main/AndroidManifest.xml:48:13-54
meta-data#com.facebook.sdk.ApplicationId
ADDED from src/main/AndroidManifest.xml:52:9-54:49
	android:value
		ADDED from src/main/AndroidManifest.xml:54:13-46
	android:name
		ADDED from src/main/AndroidManifest.xml:53:13-58
activity#com.facebook.FacebookActivity
ADDED from src/main/AndroidManifest.xml:56:9-60:75
	android:label
		ADDED from src/main/AndroidManifest.xml:59:13-45
	android:configChanges
		ADDED from src/main/AndroidManifest.xml:58:13-96
	android:theme
		ADDED from src/main/AndroidManifest.xml:60:13-72
	android:name
		ADDED from src/main/AndroidManifest.xml:57:13-57
provider#com.facebook.FacebookContentProvider
ADDED from src/main/AndroidManifest.xml:62:9-65:39
	android:authorities
		ADDED from src/main/AndroidManifest.xml:64:13-90
	android:exported
		ADDED from src/main/AndroidManifest.xml:65:13-36
	android:name
		ADDED from src/main/AndroidManifest.xml:63:13-64
activity#jp.co.webshark.on2.startActivity
ADDED from src/main/AndroidManifest.xml:67:9-75:20
	android:label
		ADDED from src/main/AndroidManifest.xml:69:13-45
	android:name
		ADDED from src/main/AndroidManifest.xml:68:13-42
intent-filter#android.intent.action.MAIN+android.intent.category.LAUNCHER
ADDED from src/main/AndroidManifest.xml:70:13-74:29
action#android.intent.action.MAIN
ADDED from src/main/AndroidManifest.xml:71:17-69
	android:name
		ADDED from src/main/AndroidManifest.xml:71:25-66
category#android.intent.category.LAUNCHER
ADDED from src/main/AndroidManifest.xml:73:17-77
	android:name
		ADDED from src/main/AndroidManifest.xml:73:27-74
activity#jp.co.webshark.on2.mainActivity
ADDED from src/main/AndroidManifest.xml:76:9-79:20
	android:label
		ADDED from src/main/AndroidManifest.xml:78:13-56
	android:name
		ADDED from src/main/AndroidManifest.xml:77:13-41
activity#jp.co.webshark.on2.telephoneActivity
ADDED from src/main/AndroidManifest.xml:80:9-83:20
	android:label
		ADDED from src/main/AndroidManifest.xml:82:13-61
	android:name
		ADDED from src/main/AndroidManifest.xml:81:13-46
activity#jp.co.webshark.on2.eulaActivity
ADDED from src/main/AndroidManifest.xml:84:9-87:20
	android:label
		ADDED from src/main/AndroidManifest.xml:86:13-56
	android:name
		ADDED from src/main/AndroidManifest.xml:85:13-41
activity#jp.co.webshark.on2.verifyActivity
ADDED from src/main/AndroidManifest.xml:88:9-91:20
	android:label
		ADDED from src/main/AndroidManifest.xml:90:13-58
	android:name
		ADDED from src/main/AndroidManifest.xml:89:13-43
activity#jp.co.webshark.on2.registProfileActivity
ADDED from src/main/AndroidManifest.xml:92:9-95:20
	android:label
		ADDED from src/main/AndroidManifest.xml:94:13-66
	android:name
		ADDED from src/main/AndroidManifest.xml:93:13-50
activity#jp.co.webshark.on2.homeActivity
ADDED from src/main/AndroidManifest.xml:96:9-109:20
	android:label
		ADDED from src/main/AndroidManifest.xml:98:13-56
	android:name
		ADDED from src/main/AndroidManifest.xml:97:13-41
intent-filter#android.intent.action.VIEW+android.intent.category.BROWSABLE+android.intent.category.DEFAULT
ADDED from src/main/AndroidManifest.xml:99:13-108:29
action#android.intent.action.VIEW
ADDED from src/main/AndroidManifest.xml:100:17-69
	android:name
		ADDED from src/main/AndroidManifest.xml:100:25-66
category#android.intent.category.DEFAULT
ADDED from src/main/AndroidManifest.xml:102:17-76
	android:name
		ADDED from src/main/AndroidManifest.xml:102:27-73
category#android.intent.category.BROWSABLE
ADDED from src/main/AndroidManifest.xml:103:17-78
	android:name
		ADDED from src/main/AndroidManifest.xml:103:27-75
data
ADDED from src/main/AndroidManifest.xml:105:17-107:46
	android:host
		ADDED from src/main/AndroidManifest.xml:106:21-40
	android:scheme
		ADDED from src/main/AndroidManifest.xml:107:21-43
activity#jp.co.webshark.on2.privacyPolicyActivity
ADDED from src/main/AndroidManifest.xml:110:9-113:20
	android:label
		ADDED from src/main/AndroidManifest.xml:112:13-66
	android:name
		ADDED from src/main/AndroidManifest.xml:111:13-50
activity#jp.co.webshark.on2.onListActivity
ADDED from src/main/AndroidManifest.xml:114:9-117:20
	android:label
		ADDED from src/main/AndroidManifest.xml:116:13-59
	android:name
		ADDED from src/main/AndroidManifest.xml:115:13-43
activity#jp.co.webshark.on2.hiListActivity
ADDED from src/main/AndroidManifest.xml:118:9-121:20
	android:label
		ADDED from src/main/AndroidManifest.xml:120:13-59
	android:name
		ADDED from src/main/AndroidManifest.xml:119:13-43
activity#jp.co.webshark.on2.friendListActivity
ADDED from src/main/AndroidManifest.xml:122:9-125:20
	android:label
		ADDED from src/main/AndroidManifest.xml:124:13-63
	android:name
		ADDED from src/main/AndroidManifest.xml:123:13-47
activity#jp.co.webshark.on2.home2Activity
ADDED from src/main/AndroidManifest.xml:126:9-129:20
	android:label
		ADDED from src/main/AndroidManifest.xml:128:13-57
	android:name
		ADDED from src/main/AndroidManifest.xml:127:13-42
activity#jp.co.webshark.on2.profileEditActivity
ADDED from src/main/AndroidManifest.xml:130:9-133:20
	android:label
		ADDED from src/main/AndroidManifest.xml:132:13-64
	android:name
		ADDED from src/main/AndroidManifest.xml:131:13-48
activity#jp.co.webshark.on2.profileEditNameActivity
ADDED from src/main/AndroidManifest.xml:134:9-137:20
	android:label
		ADDED from src/main/AndroidManifest.xml:136:13-68
	android:name
		ADDED from src/main/AndroidManifest.xml:135:13-52
activity#jp.co.webshark.on2.profileEditIdActivity
ADDED from src/main/AndroidManifest.xml:138:9-141:20
	android:label
		ADDED from src/main/AndroidManifest.xml:140:13-66
	android:name
		ADDED from src/main/AndroidManifest.xml:139:13-50
activity#jp.co.webshark.on2.profileEditDrawQrActivity
ADDED from src/main/AndroidManifest.xml:142:9-145:20
	android:label
		ADDED from src/main/AndroidManifest.xml:144:13-72
	android:name
		ADDED from src/main/AndroidManifest.xml:143:13-54
activity#jp.co.webshark.on2.profileEditReadQrActivity
ADDED from src/main/AndroidManifest.xml:146:9-149:20
	android:label
		ADDED from src/main/AndroidManifest.xml:148:13-72
	android:name
		ADDED from src/main/AndroidManifest.xml:147:13-54
activity#jp.co.webshark.on2.groupEditActivity
ADDED from src/main/AndroidManifest.xml:150:9-153:20
	android:label
		ADDED from src/main/AndroidManifest.xml:152:13-62
	android:name
		ADDED from src/main/AndroidManifest.xml:151:13-46
activity#jp.co.webshark.on2.groupMemberSelectActivity
ADDED from src/main/AndroidManifest.xml:154:9-157:20
	android:label
		ADDED from src/main/AndroidManifest.xml:156:13-71
	android:name
		ADDED from src/main/AndroidManifest.xml:155:13-54
activity#jp.co.webshark.on2.inviteFriendsActivity
ADDED from src/main/AndroidManifest.xml:158:9-161:20
	android:label
		ADDED from src/main/AndroidManifest.xml:160:13-66
	android:name
		ADDED from src/main/AndroidManifest.xml:159:13-50
activity#jp.co.webshark.on2.profileEditQrResult
ADDED from src/main/AndroidManifest.xml:162:9-165:20
	android:label
		ADDED from src/main/AndroidManifest.xml:164:13-74
	android:name
		ADDED from src/main/AndroidManifest.xml:163:13-48
activity#jp.co.webshark.on2.friendProfileActivity
ADDED from src/main/AndroidManifest.xml:166:9-169:20
	android:label
		ADDED from src/main/AndroidManifest.xml:168:13-66
	android:name
		ADDED from src/main/AndroidManifest.xml:167:13-50
activity#jp.co.webshark.on2.fbLoginActivity
ADDED from src/main/AndroidManifest.xml:170:9-173:20
	android:label
		ADDED from src/main/AndroidManifest.xml:172:13-60
	android:name
		ADDED from src/main/AndroidManifest.xml:171:13-44
activity#jp.co.webshark.on2.on_list_view_cell01
ADDED from src/main/AndroidManifest.xml:179:9-182:20
	android:label
		ADDED from src/main/AndroidManifest.xml:181:13-71
	android:name
		ADDED from src/main/AndroidManifest.xml:180:13-48
activity#jp.co.webshark.on2.on_list_view_cell02
ADDED from src/main/AndroidManifest.xml:183:9-186:20
	android:label
		ADDED from src/main/AndroidManifest.xml:185:13-71
	android:name
		ADDED from src/main/AndroidManifest.xml:184:13-48
activity#jp.co.webshark.on2.searchFriendActivity
ADDED from src/main/AndroidManifest.xml:187:9-190:20
	android:label
		ADDED from src/main/AndroidManifest.xml:189:13-65
	android:name
		ADDED from src/main/AndroidManifest.xml:188:13-49
activity#jp.co.webshark.on2.deletedFriendListActivity
ADDED from src/main/AndroidManifest.xml:191:9-194:20
	android:label
		ADDED from src/main/AndroidManifest.xml:193:13-71
	android:name
		ADDED from src/main/AndroidManifest.xml:192:13-54
activity#jp.co.webshark.on2.searchFriendActivity2
ADDED from src/main/AndroidManifest.xml:195:9-198:20
	android:label
		ADDED from src/main/AndroidManifest.xml:197:13-66
	android:name
		ADDED from src/main/AndroidManifest.xml:196:13-50
activity#jp.co.webshark.on2.friendProfileEditNickNameActivity
ADDED from src/main/AndroidManifest.xml:199:9-202:20
	android:label
		ADDED from src/main/AndroidManifest.xml:201:13-81
	android:name
		ADDED from src/main/AndroidManifest.xml:200:13-62
activity#jp.co.webshark.on2.talkActivity
ADDED from src/main/AndroidManifest.xml:203:9-206:20
	android:label
		ADDED from src/main/AndroidManifest.xml:205:13-56
	android:name
		ADDED from src/main/AndroidManifest.xml:204:13-41
meta-data#com.google.android.gms.version
ADDED from src/main/AndroidManifest.xml:209:9-211:69
MERGED from [com.google.android.gms:play-services-basement:8.4.0] AndroidManifest.xml:21:9-23:69
MERGED from [com.google.android.gms:play-services-basement:8.4.0] AndroidManifest.xml:21:9-23:69
MERGED from [com.google.android.gms:play-services-basement:8.4.0] AndroidManifest.xml:21:9-23:69
MERGED from [com.google.android.gms:play-services-basement:8.4.0] AndroidManifest.xml:21:9-23:69
MERGED from [com.google.android.gms:play-services-basement:8.4.0] AndroidManifest.xml:21:9-23:69
MERGED from [com.google.android.gms:play-services-basement:8.4.0] AndroidManifest.xml:21:9-23:69
MERGED from [com.google.android.gms:play-services-basement:8.4.0] AndroidManifest.xml:21:9-23:69
MERGED from [com.google.android.gms:play-services-basement:8.4.0] AndroidManifest.xml:21:9-23:69
MERGED from [com.google.android.gms:play-services-basement:8.4.0] AndroidManifest.xml:21:9-23:69
MERGED from [com.google.android.gms:play-services-basement:8.4.0] AndroidManifest.xml:21:9-23:69
MERGED from [com.google.android.gms:play-services-basement:8.4.0] AndroidManifest.xml:21:9-23:69
MERGED from [com.google.android.gms:play-services-basement:8.4.0] AndroidManifest.xml:21:9-23:69
MERGED from [com.google.android.gms:play-services-basement:8.4.0] AndroidManifest.xml:21:9-23:69
MERGED from [com.google.android.gms:play-services-basement:8.4.0] AndroidManifest.xml:21:9-23:69
MERGED from [com.google.android.gms:play-services-basement:8.4.0] AndroidManifest.xml:21:9-23:69
MERGED from [com.google.android.gms:play-services-basement:8.4.0] AndroidManifest.xml:21:9-23:69
MERGED from [com.google.android.gms:play-services-basement:8.4.0] AndroidManifest.xml:21:9-23:69
MERGED from [com.google.android.gms:play-services-basement:8.4.0] AndroidManifest.xml:21:9-23:69
MERGED from [com.google.android.gms:play-services-basement:8.4.0] AndroidManifest.xml:21:9-23:69
MERGED from [com.google.android.gms:play-services-basement:8.4.0] AndroidManifest.xml:21:9-23:69
MERGED from [com.google.android.gms:play-services-basement:8.4.0] AndroidManifest.xml:21:9-23:69
MERGED from [com.google.android.gms:play-services-basement:8.4.0] AndroidManifest.xml:21:9-23:69
MERGED from [com.google.android.gms:play-services-basement:8.4.0] AndroidManifest.xml:21:9-23:69
MERGED from [com.google.android.gms:play-services-basement:8.4.0] AndroidManifest.xml:21:9-23:69
MERGED from [com.google.android.gms:play-services-basement:8.4.0] AndroidManifest.xml:21:9-23:69
MERGED from [com.google.android.gms:play-services-basement:8.4.0] AndroidManifest.xml:21:9-23:69
MERGED from [com.google.android.gms:play-services-basement:8.4.0] AndroidManifest.xml:21:9-23:69
MERGED from [com.google.android.gms:play-services-basement:8.4.0] AndroidManifest.xml:21:9-23:69
MERGED from [com.google.android.gms:play-services-basement:8.4.0] AndroidManifest.xml:21:9-23:69
MERGED from [com.google.android.gms:play-services-basement:8.4.0] AndroidManifest.xml:21:9-23:69
MERGED from [com.google.android.gms:play-services-basement:8.4.0] AndroidManifest.xml:21:9-23:69
MERGED from [com.google.android.gms:play-services-basement:8.4.0] AndroidManifest.xml:21:9-23:69
MERGED from [com.google.android.gms:play-services-basement:8.4.0] AndroidManifest.xml:21:9-23:69
MERGED from [com.google.android.gms:play-services-basement:8.4.0] AndroidManifest.xml:21:9-23:69
MERGED from [com.google.android.gms:play-services-basement:8.4.0] AndroidManifest.xml:21:9-23:69
	android:value
		ADDED from src/main/AndroidManifest.xml:211:13-66
	android:name
		ADDED from src/main/AndroidManifest.xml:210:13-58
uses-sdk
INJECTED from src/main/AndroidManifest.xml reason: use-sdk injection requested
MERGED from [com.android.support:multidex:1.0.1] AndroidManifest.xml:18:5-42
MERGED from [com.android.support:appcompat-v7:23.0.0] AndroidManifest.xml:20:5-43
MERGED from [com.android.support:support-v4:23.2.1] AndroidManifest.xml:20:5-43
MERGED from [com.google.android.gms:play-services:8.4.0] AndroidManifest.xml:18:5-42
MERGED from [com.google.android.gms:play-services-ads:8.4.0] AndroidManifest.xml:23:5-42
MERGED from [com.google.android.gms:play-services-basement:8.4.0] AndroidManifest.xml:18:5-42
MERGED from [com.android.support:support-v4:23.2.1] AndroidManifest.xml:20:5-43
MERGED from [com.google.android.gms:play-services-analytics:8.4.0] AndroidManifest.xml:18:5-42
MERGED from [com.google.android.gms:play-services-basement:8.4.0] AndroidManifest.xml:18:5-42
MERGED from [com.android.support:support-v4:23.2.1] AndroidManifest.xml:20:5-43
MERGED from [com.google.android.gms:play-services-appindexing:8.4.0] AndroidManifest.xml:18:5-42